{"meta": {"format": 3, "version": "7.13.4", "timestamp": "2026-06-21T20:14:58.622891", "branch_coverage": true, "show_contexts": false}, "files": {"app/security/policy/evaluators/device.py": {"executed_lines": [3, 4, 7, 12, 15, 17, 18, 19, 21, 24, 25, 26, 29, 30, 31, 34, 35, 36, 37, 40, 41, 42, 43, 46, 47, 49], "summary": {"covered_lines": 26, "num_statements": 26, "percent_covered": 98.0, "percent_covered_display": "98", "missing_lines": 0, "excluded_lines": 0, "percent_statements_covered": 100.0, "percent_statements_covered_display": "100", "num_branches": 24, "num_partial_branches": 1, "covered_branches": 23, "missing_branches": 1, "percent_branches_covered": 95.83333333333333, "percent_branches_covered_display": "96"}, "missing_lines": [], "excluded_lines": [], "executed_branches": [[15, 17], [15, 21], [17, 18], [17, 19], [21, 24], [21, 49], [24, 25], [24, 29], [25, 21], [25, 26], [29, 30], [29, 34], [30, 21], [30, 31], [34, 35], [34, 40], [36, 21], [36, 37], [40, 41], [40, 46], [42, 21], [42, 43], [46, 47]], "missing_branches": [[46, 21]], "functions": {"match_device": {"executed_lines": [12, 15, 17, 18, 19, 21, 24, 25, 26, 29, 30, 31, 34, 35, 36, 37, 40, 41, 42, 43, 46, 47, 49], "summary": {"covered_lines": 23, "num_statements": 23, "percent_covered": 97.87234042553192, "percent_covered_display": "98", "missing_lines": 0, "excluded_lines": 0, "percent_statements_covered": 100.0, "percent_statements_covered_display": "100", "num_branches": 24, "num_partial_branches": 1, "covered_branches": 23, "missing_branches": 1, "percent_branches_covered": 95.83333333333333, "percent_branches_covered_display": "96"}, "missing_lines": [], "excluded_lines": [], "start_line": 7, "executed_branches": [[15, 17], [15, 21], [17, 18], [17, 19], [21, 24], [21, 49], [24, 25], [24, 29], [25, 21], [25, 26], [29, 30], [29, 34], [30, 21], [30, 31], [34, 35], [34, 40], [36, 21], [36, 37], [40, 41], [40, 46], [42, 21], [42, 43], [46, 47]], "missing_branches": [[46, 21]]}, "": {"executed_lines": [3, 4, 7], "summary": {"covered_lines": 3, "num_statements": 3, "percent_covered": 100.0, "percent_covered_display": "100", "missing_lines": 0, "excluded_lines": 0, "percent_statements_covered": 100.0, "percent_statements_covered_display": "100", "num_branches": 0, "num_partial_branches": 0, "covered_branches": 0, "missing_branches": 0, "percent_branches_covered": 100.0, "percent_branches_covered_display": "100"}, "missing_lines": [], "excluded_lines": [], "start_line": 1, "executed_branches": [], "missing_branches": []}}, "classes": {"": {"executed_lines": [3, 4, 7, 12, 15, 17, 18, 19, 21, 24, 25, 26, 29, 30, 31, 34, 35, 36, 37, 40, 41, 42, 43, 46, 47, 49], "summary": {"covered_lines": 26, "num_statements": 26, "percent_covered": 98.0, "percent_covered_display": "98", "missing_lines": 0, "excluded_lines": 0, "percent_statements_covered": 100.0, "percent_statements_covered_display": "100", "num_branches": 24, "num_partial_branches": 1, "covered_branches": 23, "missing_branches": 1, "percent_branches_covered": 95.83333333333333, "percent_branches_covered_display": "96"}, "missing_lines": [], "excluded_lines": [], "start_line": 1, "executed_branches": [[15, 17], [15, 21], [17, 18], [17, 19], [21, 24], [21, 49], [24, 25], [24, 29], [25, 21], [25, 26], [29, 30], [29, 34], [30, 21], [30, 31], [34, 35], [34, 40], [36, 21], [36, 37], [40, 41], [40, 46], [42, 21], [42, 43], [46, 47]], "missing_branches": [[46, 21]]}}}}, "totals": {"covered_lines": 26, "num_statements": 26, "percent_covered": 98.0, "percent_covered_display": "98", "missing_lines": 0, "excluded_lines": 0, "percent_statements_covered": 100.0, "percent_statements_covered_display": "100", "num_branches": 24, "num_partial_branches": 1, "covered_branches": 23, "missing_branches": 1, "percent_branches_covered": 95.83333333333333, "percent_branches_covered_display": "96"}}